<?xml version="1.0" encoding="UTF-8"?>
<testsuite xmlns:xsi="http://www.w3.org/2001/XMLSchema-instance" xsi:noNamespaceSchemaLocation="https://maven.apache.org/surefire/maven-surefire-plugin/xsd/surefire-test-report.xsd" name="com.example.miniproject.saucedemo.test.CheckoutPageTest" time="54.441" tests="1" errors="0" skipped="0" failures="0">
  <properties>
[...]
</properties>
  <testcase name="CheckoutSuccessfullyTest" classname="com.example.miniproject.saucedemo.test.CheckoutPageTest" time="51.059"/>
</testsuite>