<?xml version="1.0" encoding="UTF-8"?>
<testng-results ignored="0" total="1" passed="1" failed="0" skipped="0">
  <reporter-output>
  </reporter-output>
  <suite started-at="2021-10-04T14:00:06 ICT" name="Surefire suite" finished-at="2021-10-04T14:01:00 ICT" duration-ms="53906">
    <groups>
    </groups>
    <test started-at="2021-10-04T14:00:06 ICT" name="Surefire test" finished-at="2021-10-04T14:01:00 ICT" duration-ms="53906">
      <class name="com.example.miniproject.saucedemo.test.CheckoutPageTest">
        <test-method is-config="true" signature="setUp()[pri:0, instance:com.example.miniproject.saucedemo.test.CheckoutPageTest@73a1e9a9]" started-at="2021-10-04T14:00:06 ICT" name="setUp" finished-at="2021-10-04T14:00:08 ICT" duration-ms="2216" status="PASS">
          <reporter-output>
          </reporter-output>
        </test-method> <!-- setUp -->
        <test-method signature="CheckoutSuccessfullyTest()[pri:0, instance:com.example.miniproject.saucedemo.test.CheckoutPageTest@73a1e9a9]" started-at="2021-10-04T14:00:08 ICT" name="CheckoutSuccessfullyTest" finished-at="2021-10-04T14:00:59 ICT" duration-ms="51060" status="PASS">
          <reporter-output>
          </reporter-output>
        </test-method> <!-- CheckoutSuccessfullyTest -->
        <test-method is-config="true" signature="tearDown()[pri:0, instance:com.example.miniproject.saucedemo.test.CheckoutPageTest@73a1e9a9]" started-at="2021-10-04T14:00:59 ICT" name="tearDown" finished-at="2021-10-04T14:01:00 ICT" duration-ms="600" status="PASS">
          <reporter-output>
          </reporter-output>
        </test-method> <!-- tearDown -->
      </class> <!-- com.example.miniproject.saucedemo.test.CheckoutPageTest -->
    </test> <!-- Surefire test -->
  </suite> <!-- Surefire suite -->
</testng-results>
